<?xml version="1.0" encoding="utf-8" standalone="no"?>
<!--This file represents the results of running a test suite-->
<test-results name="" total="8" errors="0" failures="0" not-run="0" inconclusive="0" ignored="0" skipped="0" invalid="0" date="2013-12-20" time="14:31:12">
  <environment nunit-version="0.0.0.0" clr-version="2.0.50727.1433" os-version="Unix 12.5.0.0" platform="Unix" cwd="/Users/ScreenFlowDemo/Documents/workspaces/git/CodeSamplesPublic/UnityTestTools/projects/UnityTestToolsDemo" machine-name="noname" user="ScreenFlowDemo" user-domain="noname" />
  <culture-info current-culture="" current-uiculture="" />
  <test-case name="com.rmc.projects.uttdemo.SodaTest.testSodaConstructorWithNull" executed="True" result="Success" success="True" time="0.000" />
  <test-case name="com.rmc.projects.uttdemo.BeerTest.testBeerContainerType" executed="True" result="Success" success="True" time="0.000" />
  <test-case name="com.rmc.projects.uttdemo.BeerTest.testDefaultCalories(0)" executed="True" result="Success" success="True" time="0.000" />
  <test-case name="com.rmc.projects.uttdemo.BeerTest.testDefaultCalories(100)" executed="True" result="Success" success="True" time="0.000" />
  <test-case name="com.rmc.projects.uttdemo.BeerTest.testDefaultCalories(10000)" executed="True" result="Success" success="True" time="0.000" />
  <test-case name="com.rmc.projects.uttdemo.BeerTest.testNameSetFromConstructor" executed="True" result="Success" success="True" time="0.000" />
  <test-case name="com.rmc.projects.uttdemo.BeerTest.testNameSetFromSetter" executed="True" result="Success" success="True" time="0.000" />
  <test-case name="com.rmc.projects.uttdemo.BeerTest.testGetMyName" executed="True" result="Success" success="True" time="0.000" />
</test-results>